<?xml version="1.0" encoding="UTF-8"?>
<!-- Generated by org.testng.reporters.JUnitReportReporter -->
<testsuite hostname="DESKTOP-THALH3P" failures="0" tests="6" name="Tests.Maths_Test" time="0.038" errors="0" timestamp="15 Apr 2021 07:24:12 GMT" skipped="1">
  <testcase classname="Tests.Maths_Test" name="multiplication" time="0.003"/>
  <testcase classname="Tests.Maths_Test" name="substraction" time="0.003"/>
  <testcase classname="Tests.Maths_Test" name="division" time="0.022"/>
  <testcase classname="Tests.Maths_Test" name="multiplication" time="0.006"/>
  <testcase classname="Tests.Maths_Test" name="multiplication" time="0.004"/>
  <testcase classname="Tests.Maths_Test" name="addition">
    <skipped/>
  </testcase> <!-- addition -->
</testsuite> <!-- Tests.Maths_Test -->
